<?xml version="1.0" encoding="UTF-8"?>
<!-- Generated by org.testng.reporters.JUnitReportReporter -->
<testsuite skipped="0" hostname="PCIN468077" name="tests.CoursesValid" tests="1" failures="0" timestamp="3 Mar 2021 12:49:34 GMT" time="23.763" errors="0">
  <testcase name="business" time="23.763" classname="tests.CoursesValid"/>
</testsuite> <!-- tests.CoursesValid -->
